/usr/local/diamond/3.9_x64/synpbase/bin/c_hdl  -osyn  "/media/sf_Downloads/Code/DAISI/CPLD Firmware/impl1/synwork/DAISI_impl1_comp.srs"  -top  top  -hdllog  "/media/sf_Downloads/Code/DAISI/CPLD Firmware/impl1/synlog/DAISI_impl1_compiler.srr"  -encrypt  -mp  4  -verification_mode 0  -verilog  -prodtype  synplify_pro  -dspmac -fixsmult -infer_seqShift -nram -sdff_counter -divnmod -nostructver   -I "/media/sf_Downloads/Code/DAISI/CPLD Firmware"  -I "/media/sf_Downloads/Code/DAISI/CPLD Firmware/impl1/"  -I /usr/local/diamond/3.9_x64/synpbase/lib   -v2001  -devicelib  /usr/local/diamond/3.9_x64/synpbase/lib/lucent/machxo2.v  -devicelib  /usr/local/diamond/3.9_x64/synpbase/lib/lucent/pmi_def.v  -encrypt  -pro  -dmgen  "/media/sf_Downloads/Code/DAISI/CPLD Firmware/impl1/dm"  -ui -fid2 -ram -sharing on -ll 2000 -autosm  -D_MULTIPLE_FILE_COMPILATION_UNIT_  -lib work "/media/sf_Downloads/Code/DAISI/CPLD Firmware/top.v" -lib work "/media/sf_Downloads/Code/DAISI/CPLD Firmware/pwr_cntrllr.v" -lib work "/media/sf_Downloads/Code/DAISI/CPLD Firmware/spi_controller.v" -lib work "/media/sf_Downloads/Code/DAISI/CPLD Firmware/data_buffer.v" -lib work "/media/sf_Downloads/Code/DAISI/CPLD Firmware/data_formatter.v" -lib work "/media/sf_Downloads/Code/DAISI/CPLD Firmware/storage_interface.v" -lib work "/media/sf_Downloads/Code/DAISI/CPLD Firmware/rs232_decoder_encoder.v" -lib work "/media/sf_Downloads/Code/DAISI/CPLD Firmware/rs232_command_processor.v" -lib work "/media/sf_Downloads/Code/DAISI/CPLD Firmware/pseudo_adc.v" -lib work "/media/sf_Downloads/Code/DAISI/CPLD Firmware/regulator_control.v" -lib work "/media/sf_Downloads/Code/DAISI/CPLD Firmware/sensor_interface.v" -lib work "/media/sf_Downloads/Code/DAISI/CPLD Firmware/thermal_controller.v" -lib work "/media/sf_Downloads/Code/DAISI/CPLD Firmware/pll.v" -lib work "/media/sf_Downloads/Code/DAISI/CPLD Firmware/efb.v" 
rc:0 success:1 runtime:2
file:/media/sf_Downloads/Code/DAISI/CPLD Firmware/impl1/synwork/DAISI_impl1_comp.srs|io:o|time:1499917721|size:22883|exec:0
file:/media/sf_Downloads/Code/DAISI/CPLD Firmware/impl1/synlog/DAISI_impl1_compiler.srr|io:o|time:1499917721|size:14041|exec:0
file:/usr/local/diamond/3.9_x64/synpbase/lib/lucent/machxo2.v|io:i|time:1493194279|size:52418|exec:0
file:/usr/local/diamond/3.9_x64/synpbase/lib/lucent/pmi_def.v|io:i|time:1493194279|size:39414|exec:0
file:/media/sf_Downloads/Code/DAISI/CPLD Firmware/top.v|io:i|time:1499912144|size:4224|exec:0
file:/media/sf_Downloads/Code/DAISI/CPLD Firmware/pwr_cntrllr.v|io:i|time:1497749177|size:1136|exec:0
file:/media/sf_Downloads/Code/DAISI/CPLD Firmware/spi_controller.v|io:i|time:1498716591|size:2267|exec:0
file:/media/sf_Downloads/Code/DAISI/CPLD Firmware/data_buffer.v|io:i|time:1497500913|size:250|exec:0
file:/media/sf_Downloads/Code/DAISI/CPLD Firmware/data_formatter.v|io:i|time:1497500913|size:253|exec:0
file:/media/sf_Downloads/Code/DAISI/CPLD Firmware/storage_interface.v|io:i|time:1497500913|size:256|exec:0
file:/media/sf_Downloads/Code/DAISI/CPLD Firmware/rs232_decoder_encoder.v|io:i|time:1499917716|size:1506|exec:0
file:/media/sf_Downloads/Code/DAISI/CPLD Firmware/rs232_command_processor.v|io:i|time:1497500913|size:262|exec:0
file:/media/sf_Downloads/Code/DAISI/CPLD Firmware/pseudo_adc.v|io:i|time:1497500913|size:249|exec:0
file:/media/sf_Downloads/Code/DAISI/CPLD Firmware/regulator_control.v|io:i|time:1497500913|size:256|exec:0
file:/media/sf_Downloads/Code/DAISI/CPLD Firmware/sensor_interface.v|io:i|time:1497500913|size:255|exec:0
file:/media/sf_Downloads/Code/DAISI/CPLD Firmware/thermal_controller.v|io:i|time:1497500913|size:257|exec:0
file:/media/sf_Downloads/Code/DAISI/CPLD Firmware/pll.v|io:i|time:1498453015|size:4604|exec:0
file:/media/sf_Downloads/Code/DAISI/CPLD Firmware/efb.v|io:i|time:1498449102|size:6273|exec:0
file:/usr/local/diamond/3.9_x64/synpbase/linux_a_64/c_hdl|io:i|time:1493194289|size:5690456|exec:1
file:/usr/local/diamond/3.9_x64/synpbase/bin/c_hdl|io:i|time:1493194294|size:365|exec:1
