Resource Usage Report
Part: lcmxo2_7000he-4

Register bits: 366 of 6864 (5%)
PIC Latch:       0
I/O cells:       21

Details:
BB:             3
CCU2D:          28
EFB:            1
EHXPLLJ:        1
FD1P3AX:        18
FD1P3BX:        33
FD1P3DX:        250
FD1S3BX:        1
FD1S3DX:        55
GSR:            1
IB:             3
IFS1P3DX:       1
INV:            13
L6MUX21:        1
OB:             14
OBZ:            1
OFS1P3DX:       8
ORCALUT4:       411
OSCH:           1
PCNTR:          1
PFUMX:          17
PUR:            1
VHI:            13
VLO:            15
true:           2
