Running in Lattice mode

sourcing C:\lscc\diamond\3.7_x64\synpbase\lib\message_override.tcl


Starting:    C:\lscc\diamond\3.7_x64\synpbase\bin64\mbin\synbatch.exe
Install:     C:\lscc\diamond\3.7_x64\synpbase
Hostname:    NEERAJNEALMENON
Date:        Wed Jun 14 09:11:15 2017
Version:     K-2015.09L-2

Arguments:   -product synplify_pro -batch Default_pattern_w_standby_impl1_synplify.tcl
ProductType: synplify_pro





log file: "C:\Users\neera_000\Documents\GitHub\DAISI\Example Project\impl1\Default_pattern_w_standby_impl1.srr"

Running: impl1 in foreground



Running proj_1|impl1


Running: compile (Compile) on proj_1|impl1


Running: compile_flow (Compile Process) on proj_1|impl1


Running: compiler (Compile Input) on proj_1|impl1

Copied C:\Users\neera_000\Documents\GitHub\DAISI\Example Project\impl1\synwork\Default_pattern_w_standby_impl1_comp.srs to C:\Users\neera_000\Documents\GitHub\DAISI\Example Project\impl1\Default_pattern_w_standby_impl1.srs


compiler Completed
Return Code: 0
Run Time:0h:00m:07s


Running: multi_srs_gen (Multi-srs Generator) on proj_1|impl1

Copied C:\Users\neera_000\Documents\GitHub\DAISI\Example Project\impl1\synwork\Default_pattern_w_standby_impl1_comp.srs to C:\Users\neera_000\Documents\GitHub\DAISI\Example Project\impl1\synwork\Default_pattern_w_standby_impl1_s.srs


multi_srs_gen Completed
Return Code: 0
Run Time:0h:00m:00s

Copied C:\Users\neera_000\Documents\GitHub\DAISI\Example Project\impl1\Default_pattern_w_standby_impl1.srr to C:\Users\neera_000\Documents\GitHub\DAISI\Example Project\impl1\Default_pattern_w_standby_impl1.srf

Complete: Compile Process on proj_1|impl1


Running: premap (Pre-mapping) on proj_1|impl1

Copied C:\Users\neera_000\Documents\GitHub\DAISI\Example Project\impl1\Default_pattern_w_standby_impl1.fse to C:\Users\neera_000\Documents\GitHub\DAISI\Example Project\impl1\synwork\Default_pattern_w_standby_impl1_s.fse


premap Completed
Return Code: 0
Run Time:0h:00m:03s

Complete: Compile on proj_1|impl1


Running: map (Map) on proj_1|impl1

License granted for 4 parallel jobs


Running: fpga_mapper (Map & Optimize) on proj_1|impl1

Copied C:\Users\neera_000\Documents\GitHub\DAISI\Example Project\impl1\synwork\Default_pattern_w_standby_impl1_m.srm to C:\Users\neera_000\Documents\GitHub\DAISI\Example Project\impl1\Default_pattern_w_standby_impl1.srm


fpga_mapper Completed with warnings
Return Code: 1
Run Time:0h:00m:06s

Complete: Map on proj_1|impl1

Copied C:\Users\neera_000\Documents\GitHub\DAISI\Example Project\impl1\Default_pattern_w_standby_impl1.srr to C:\Users\neera_000\Documents\GitHub\DAISI\Example Project\impl1\Default_pattern_w_standby_impl1.srf

Complete: Logic Synthesis on proj_1|impl1

TCL script complete: "Default_pattern_w_standby_impl1_synplify.tcl"

exit status=0

exit status=0

Save changes for project:
C:\Users\neera_000\Documents\GitHub\DAISI\Example Project\impl1\proj_1.prj

batch mode default:no

